<?xml version="1.0" encoding="UTF-8"?>
<!-- Generated by org.testng.reporters.JUnitXMLReporter -->
<testsuite hostname="LAPTOP-GMABHVOV" ignored="0" name="Command line test" tests="5" failures="2" timestamp="2020-07-18T23:10:53 IST" time="22.221" errors="0">
  <testcase name="testHomePageTitle" time="0.058" classname="ww.assessment.TestWWSite"/>
  <testcase name="clickOnWorkShop" time="0.328" classname="ww.assessment.TestWWSite">
    <failure type="java.lang.AssertionError" message="expected [Find WW Studios &amp;amp; Meetings Near You | WW USA] but found []">
      <![CDATA[java.lang.AssertionError: expected [Find WW Studios & Meetings Near You | WW USA] but found []
at ww.assessment.TestWWSite.clickOnWorkShop(TestWWSite.java:56)
at java.util.ArrayList.forEach(ArrayList.java:1257)
... Removed 42 stack frames]]>
    </failure>
  </testcase> <!-- clickOnWorkShop -->
  <testcase name="searchlocation" time="3.581" classname="ww.assessment.TestWWSite"/>
  <testcase name="clickVerifyLocationName" time="2.502" classname="ww.assessment.TestWWSite"/>
  <testcase name="Meeting" time="0.0" classname="ww.assessment.TestWWSite">
    <failure type="org.testng.TestNGException" message="
Parameter &amp;apos;day&amp;apos; is required by @Test on method Meeting but has not been marked @Optional or defined
">
      <![CDATA[org.testng.TestNGException: 
Parameter 'day' is required by @Test on method Meeting but has not been marked @Optional or defined

at java.util.ArrayList.forEach(ArrayList.java:1257)
... Removed 36 stack frames]]>
    </failure>
  </testcase> <!-- Meeting -->
</testsuite> <!-- Command line test -->
